<?xml version="1.0" encoding="UTF-8"?>
<testsuite xmlns:xsi="http://www.w3.org/2001/XMLSchema-instance" xsi:noNamespaceSchemaLocation="https://maven.apache.org/surefire/maven-surefire-plugin/xsd/surefire-test-report-3.0.xsd" version="3.0" name="dev.dsf.process.tutorial.exercise_1.spring.config.TutorialConfigTest" time="0.003" tests="1" errors="0" skipped="0" failures="0">
  <properties>
    <property name="java.specification.version" value="17"/>
    <property name="sun.cpu.isalist" value="amd64"/>
    <property name="sun.jnu.encoding" value="Cp1252"/>
    <property name="java.class.path" value="C:\Users\50114587\Desktop\DSF\dsf-process-tutorial\tutorial-process\target\test-classes;C:\Users\50114587\Desktop\DSF\dsf-process-tutorial\tutorial-process\target\classes;C:\Users\50114587\.m2\repository\dev\dsf\dsf-bpe-process-api-v1\1.5.0\dsf-bpe-process-api-v1-1.5.0.jar;C:\Users\50114587\.m2\repository\dev\dsf\dsf-fhir-auth\1.5.0\dsf-fhir-auth-1.5.0.jar;C:\Users\50114587\.m2\repository\ca\uhn\hapi\fhir\hapi-fhir-structures-r4\5.1.0\hapi-fhir-structures-r4-5.1.0.jar;C:\Users\50114587\.m2\repository\ca\uhn\hapi\fhir\hapi-fhir-base\5.1.0\hapi-fhir-base-5.1.0.jar;C:\Users\50114587\.m2\repository\org\apache\commons\commons-lang3\3.9\commons-lang3-3.9.jar;C:\Users\50114587\.m2\repository\org\apache\commons\commons-text\1.7\commons-text-1.7.jar;C:\Users\50114587\.m2\repository\com\google\guava\guava\29.0-jre\guava-29.0-jre.jar;C:\Users\50114587\.m2\repository\com\google\guava\failureaccess\1.0.1\failureaccess-1.0.1.jar;C:\Users\50114587\.m2\repository\com\google\guava\listenablefuture\9999.0-empty-to-avoid-conflict-with-guava\listenablefuture-9999.0-empty-to-avoid-conflict-with-guava.jar;C:\Users\50114587\.m2\repository\com\google\j2objc\j2objc-annotations\1.3\j2objc-annotations-1.3.jar;C:\Users\50114587\.m2\repository\ca\uhn\hapi\fhir\org.hl7.fhir.utilities\5.1.0\org.hl7.fhir.utilities-5.1.0.jar;C:\Users\50114587\.m2\repository\ca\uhn\hapi\fhir\org.hl7.fhir.r4\5.1.0\org.hl7.fhir.r4-5.1.0.jar;C:\Users\50114587\.m2\repository\dev\dsf\dsf-fhir-webservice-client\1.5.0\dsf-fhir-webservice-client-1.5.0.jar;C:\Users\50114587\.m2\repository\dev\dsf\dsf-fhir-rest-adapter\1.5.0\dsf-fhir-rest-adapter-1.5.0.jar;C:\Users\50114587\.m2\repository\org\glassfish\jersey\core\jersey-client\3.1.5\jersey-client-3.1.5.jar;C:\Users\50114587\.m2\repository\org\glassfish\jersey\media\jersey-media-jaxb\3.1.5\jersey-media-jaxb-3.1.5.jar;C:\Users\50114587\.m2\repository\org\glassfish\hk2\osgi-resource-locator\1.0.3\osgi-resource-locator-1.0.3.jar;C:\Users\50114587\.m2\repository\org\glassfish\jersey\connectors\jersey-apache-connector\3.1.5\jersey-apache-connector-3.1.5.jar;C:\Users\50114587\.m2\repository\org\apache\httpcomponents\httpclient\4.5.14\httpclient-4.5.14.jar;C:\Users\50114587\.m2\repository\org\apache\httpcomponents\httpcore\4.4.16\httpcore-4.4.16.jar;C:\Users\50114587\.m2\repository\org\camunda\bpm\camunda-engine\7.20.0\camunda-engine-7.20.0.jar;C:\Users\50114587\.m2\repository\org\camunda\bpm\model\camunda-cmmn-model\7.20.0\camunda-cmmn-model-7.20.0.jar;C:\Users\50114587\.m2\repository\org\camunda\bpm\juel\camunda-juel\7.20.0\camunda-juel-7.20.0.jar;C:\Users\50114587\.m2\repository\org\camunda\bpm\dmn\camunda-engine-dmn\7.20.0\camunda-engine-dmn-7.20.0.jar;C:\Users\50114587\.m2\repository\org\camunda\commons\camunda-commons-utils\1.13.0\camunda-commons-utils-1.13.0.jar;C:\Users\50114587\.m2\repository\org\camunda\bpm\model\camunda-dmn-model\7.20.0\camunda-dmn-model-7.20.0.jar;C:\Users\50114587\.m2\repository\org\camunda\bpm\dmn\camunda-engine-feel-api\7.20.0\camunda-engine-feel-api-7.20.0.jar;C:\Users\50114587\.m2\repository\org\camunda\bpm\dmn\camunda-engine-feel-juel\7.20.0\camunda-engine-feel-juel-7.20.0.jar;C:\Users\50114587\.m2\repository\org\camunda\bpm\dmn\camunda-engine-feel-scala\7.20.0\camunda-engine-feel-scala-7.20.0.jar;C:\Users\50114587\.m2\repository\org\camunda\feel\feel-engine\1.16.2\feel-engine-1.16.2-scala-shaded.jar;C:\Users\50114587\.m2\repository\org\camunda\commons\camunda-commons-logging\1.13.0\camunda-commons-logging-1.13.0.jar;C:\Users\50114587\.m2\repository\org\camunda\commons\camunda-commons-typed-values\7.20.0\camunda-commons-typed-values-7.20.0.jar;C:\Users\50114587\.m2\repository\org\mybatis\mybatis\3.5.6\mybatis-3.5.6.jar;C:\Users\50114587\.m2\repository\joda-time\joda-time\2.1\joda-time-2.1.jar;C:\Users\50114587\.m2\repository\org\camunda\connect\camunda-connect-core\1.6.0\camunda-connect-core-1.6.0.jar;C:\Users\50114587\.m2\repository\org\camunda\connect\camunda-connect-connectors-all\1.6.0\camunda-connect-connectors-all-1.6.0.jar;C:\Users\50114587\.m2\repository\org\springframework\spring-context\6.1.4\spring-context-6.1.4.jar;C:\Users\50114587\.m2\repository\org\springframework\spring-aop\6.1.4\spring-aop-6.1.4.jar;C:\Users\50114587\.m2\repository\org\springframework\spring-core\6.1.4\spring-core-6.1.4.jar;C:\Users\50114587\.m2\repository\org\springframework\spring-jcl\6.1.4\spring-jcl-6.1.4.jar;C:\Users\50114587\.m2\repository\org\springframework\spring-expression\6.1.4\spring-expression-6.1.4.jar;C:\Users\50114587\.m2\repository\io\micrometer\micrometer-observation\1.12.3\micrometer-observation-1.12.3.jar;C:\Users\50114587\.m2\repository\io\micrometer\micrometer-commons\1.12.3\micrometer-commons-1.12.3.jar;C:\Users\50114587\.m2\repository\com\fasterxml\jackson\core\jackson-databind\2.16.1\jackson-databind-2.16.1.jar;C:\Users\50114587\.m2\repository\com\fasterxml\jackson\core\jackson-annotations\2.16.1\jackson-annotations-2.16.1.jar;C:\Users\50114587\.m2\repository\com\fasterxml\jackson\core\jackson-core\2.16.1\jackson-core-2.16.1.jar;C:\Users\50114587\.m2\repository\com\sun\mail\jakarta.mail\1.6.7\jakarta.mail-1.6.7.jar;C:\Users\50114587\.m2\repository\com\sun\activation\jakarta.activation\1.2.1\jakarta.activation-1.2.1.jar;C:\Users\50114587\.m2\repository\de\hs-heilbronn\mi\crypto-utils\3.8.0\crypto-utils-3.8.0.jar;C:\Users\50114587\.m2\repository\org\bouncycastle\bcprov-jdk18on\1.76\bcprov-jdk18on-1.76.jar;C:\Users\50114587\.m2\repository\org\bouncycastle\bcpkix-jdk18on\1.76\bcpkix-jdk18on-1.76.jar;C:\Users\50114587\.m2\repository\commons-codec\commons-codec\1.16.0\commons-codec-1.16.0.jar;C:\Users\50114587\.m2\repository\dev\dsf\dsf-tools-documentation-generator\1.5.0\dsf-tools-documentation-generator-1.5.0.jar;C:\Users\50114587\.m2\repository\dev\dsf\dsf-common-documentation\1.5.0\dsf-common-documentation-1.5.0.jar;C:\Users\50114587\.m2\repository\org\camunda\bpm\model\camunda-bpmn-model\7.20.0\camunda-bpmn-model-7.20.0.jar;C:\Users\50114587\.m2\repository\org\camunda\bpm\model\camunda-xml-model\7.20.0\camunda-xml-model-7.20.0.jar;C:\Users\50114587\.m2\repository\org\springframework\spring-beans\6.1.4\spring-beans-6.1.4.jar;C:\Users\50114587\.m2\repository\org\reflections\reflections\0.10.2\reflections-0.10.2.jar;C:\Users\50114587\.m2\repository\org\javassist\javassist\3.28.0-GA\javassist-3.28.0-GA.jar;C:\Users\50114587\.m2\repository\com\google\code\findbugs\jsr305\3.0.2\jsr305-3.0.2.jar;C:\Users\50114587\.m2\repository\dev\dsf\dsf-bpe-process-api-v1\1.5.0\dsf-bpe-process-api-v1-1.5.0-tests.jar;C:\Users\50114587\.m2\repository\dev\dsf\dsf-bpe-server\1.5.0\dsf-bpe-server-1.5.0.jar;C:\Users\50114587\.m2\repository\dev\dsf\dsf-fhir-websocket-client\1.5.0\dsf-fhir-websocket-client-1.5.0.jar;C:\Users\50114587\.m2\repository\org\glassfish\jersey\core\jersey-common\3.1.5\jersey-common-3.1.5.jar;C:\Users\50114587\.m2\repository\org\glassfish\tyrus\tyrus-client\2.1.5\tyrus-client-2.1.5.jar;C:\Users\50114587\.m2\repository\org\glassfish\tyrus\tyrus-core\2.1.5\tyrus-core-2.1.5.jar;C:\Users\50114587\.m2\repository\org\glassfish\tyrus\tyrus-spi\2.1.5\tyrus-spi-2.1.5.jar;C:\Users\50114587\.m2\repository\jakarta\websocket\jakarta.websocket-client-api\2.1.1\jakarta.websocket-client-api-2.1.1.jar;C:\Users\50114587\.m2\repository\jakarta\websocket\jakarta.websocket-api\2.1.1\jakarta.websocket-api-2.1.1.jar;C:\Users\50114587\.m2\repository\org\glassfish\tyrus\tyrus-container-grizzly-client\2.1.5\tyrus-container-grizzly-client-2.1.5.jar;C:\Users\50114587\.m2\repository\org\glassfish\grizzly\grizzly-framework\4.0.2\grizzly-framework-4.0.2.jar;C:\Users\50114587\.m2\repository\org\glassfish\grizzly\grizzly-http-server\4.0.2\grizzly-http-server-4.0.2.jar;C:\Users\50114587\.m2\repository\org\glassfish\grizzly\grizzly-http\4.0.2\grizzly-http-4.0.2.jar;C:\Users\50114587\.m2\repository\dev\dsf\dsf-tools-build-info-reader\1.5.0\dsf-tools-build-info-reader-1.5.0.jar;C:\Users\50114587\.m2\repository\dev\dsf\dsf-tools-docker-secrets-reader\1.5.0\dsf-tools-docker-secrets-reader-1.5.0.jar;C:\Users\50114587\.m2\repository\dev\dsf\dsf-common-auth\1.5.0\dsf-common-auth-1.5.0.jar;C:\Users\50114587\.m2\repository\org\yaml\snakeyaml\2.2\snakeyaml-2.2.jar;C:\Users\50114587\.m2\repository\jakarta\annotation\jakarta.annotation-api\2.1.1\jakarta.annotation-api-2.1.1.jar;C:\Users\50114587\.m2\repository\dev\dsf\dsf-common-config\1.5.0\dsf-common-config-1.5.0.jar;C:\Users\50114587\.m2\repository\dev\dsf\dsf-common-db\1.5.0\dsf-common-db-1.5.0.jar;C:\Users\50114587\.m2\repository\dev\dsf\dsf-common-status\1.5.0\dsf-common-status-1.5.0.jar;C:\Users\50114587\.m2\repository\dev\dsf\dsf-common-ui\1.5.0\dsf-common-ui-1.5.0.jar;C:\Users\50114587\.m2\repository\dev\dsf\dsf-fhir-validation\1.5.0\dsf-fhir-validation-1.5.0.jar;C:\Users\50114587\.m2\repository\ca\uhn\hapi\fhir\hapi-fhir-structures-r5\5.1.0\hapi-fhir-structures-r5-5.1.0.jar;C:\Users\50114587\.m2\repository\ca\uhn\hapi\fhir\org.hl7.fhir.r5\5.1.0\org.hl7.fhir.r5-5.1.0.jar;C:\Users\50114587\.m2\repository\ca\uhn\hapi\fhir\hapi-fhir-validation\5.1.0\hapi-fhir-validation-5.1.0.jar;C:\Users\50114587\.m2\repository\ca\uhn\hapi\fhir\hapi-fhir-converter\5.1.0\hapi-fhir-converter-5.1.0.jar;C:\Users\50114587\.m2\repository\ca\uhn\hapi\fhir\org.hl7.fhir.convertors\5.1.0\org.hl7.fhir.convertors-5.1.0.jar;C:\Users\50114587\.m2\repository\net\sf\saxon\Saxon-HE\9.5.1-5\Saxon-HE-9.5.1-5.jar;C:\Users\50114587\.m2\repository\ca\uhn\hapi\fhir\org.hl7.fhir.validation\5.1.0\org.hl7.fhir.validation-5.1.0.jar;C:\Users\50114587\.m2\repository\ca\uhn\hapi\fhir\org.hl7.fhir.dstu2\5.1.0\org.hl7.fhir.dstu2-5.1.0.jar;C:\Users\50114587\.m2\repository\ca\uhn\hapi\fhir\org.hl7.fhir.dstu2016may\5.1.0\org.hl7.fhir.dstu2016may-5.1.0.jar;C:\Users\50114587\.m2\repository\ca\uhn\hapi\fhir\org.hl7.fhir.dstu3\5.1.0\org.hl7.fhir.dstu3-5.1.0.jar;C:\Users\50114587\.m2\repository\xpp3\xpp3\1.1.4c\xpp3-1.1.4c.jar;C:\Users\50114587\.m2\repository\xpp3\xpp3_xpath\1.1.4c\xpp3_xpath-1.1.4c.jar;C:\Users\50114587\.m2\repository\org\apache\commons\commons-compress\1.20\commons-compress-1.20.jar;C:\Users\50114587\.m2\repository\org\fhir\ucum\1.0.2\ucum-1.0.2.jar;C:\Users\50114587\.m2\repository\org\thymeleaf\thymeleaf\3.0.9.RELEASE\thymeleaf-3.0.9.RELEASE.jar;C:\Users\50114587\.m2\repository\ognl\ognl\3.1.12\ognl-3.1.12.jar;C:\Users\50114587\.m2\repository\org\attoparser\attoparser\2.0.4.RELEASE\attoparser-2.0.4.RELEASE.jar;C:\Users\50114587\.m2\repository\org\unbescape\unbescape\1.1.5.RELEASE\unbescape-1.1.5.RELEASE.jar;C:\Users\50114587\.m2\repository\com\github\ben-manes\caffeine\caffeine\2.7.0\caffeine-2.7.0.jar;C:\Users\50114587\.m2\repository\com\google\errorprone\error_prone_annotations\2.3.3\error_prone_annotations-2.3.3.jar;C:\Users\50114587\.m2\repository\com\google\code\gson\gson\2.8.5\gson-2.8.5.jar;C:\Users\50114587\.m2\repository\ca\uhn\hapi\fhir\hapi-fhir-validation-resources-r4\5.1.0\hapi-fhir-validation-resources-r4-5.1.0.jar;C:\Users\50114587\.m2\repository\ca\uhn\hapi\fhir\hapi-fhir-validation-resources-r5\5.1.0\hapi-fhir-validation-resources-r5-5.1.0.jar;C:\Users\50114587\.m2\repository\commons-io\commons-io\2.15.1\commons-io-2.15.1.jar;C:\Users\50114587\.m2\repository\jakarta\servlet\jakarta.servlet-api\6.0.0\jakarta.servlet-api-6.0.0.jar;C:\Users\50114587\.m2\repository\jakarta\ws\rs\jakarta.ws.rs-api\3.1.0\jakarta.ws.rs-api-3.1.0.jar;C:\Users\50114587\.m2\repository\org\glassfish\jaxb\jaxb-runtime\4.0.4\jaxb-runtime-4.0.4.jar;C:\Users\50114587\.m2\repository\org\glassfish\jaxb\jaxb-core\4.0.4\jaxb-core-4.0.4.jar;C:\Users\50114587\.m2\repository\jakarta\activation\jakarta.activation-api\2.1.2\jakarta.activation-api-2.1.2.jar;C:\Users\50114587\.m2\repository\org\eclipse\angus\angus-activation\2.0.1\angus-activation-2.0.1.jar;C:\Users\50114587\.m2\repository\org\glassfish\jaxb\txw2\4.0.4\txw2-4.0.4.jar;C:\Users\50114587\.m2\repository\com\sun\istack\istack-commons-runtime\4.1.2\istack-commons-runtime-4.1.2.jar;C:\Users\50114587\.m2\repository\org\springframework\spring-tx\6.1.4\spring-tx-6.1.4.jar;C:\Users\50114587\.m2\repository\org\springframework\spring-jdbc\6.1.4\spring-jdbc-6.1.4.jar;C:\Users\50114587\.m2\repository\org\springframework\spring-web\6.1.4\spring-web-6.1.4.jar;C:\Users\50114587\.m2\repository\org\glassfish\jersey\core\jersey-server\3.1.5\jersey-server-3.1.5.jar;C:\Users\50114587\.m2\repository\jakarta\inject\jakarta.inject-api\2.0.1\jakarta.inject-api-2.0.1.jar;C:\Users\50114587\.m2\repository\jakarta\validation\jakarta.validation-api\3.0.2\jakarta.validation-api-3.0.2.jar;C:\Users\50114587\.m2\repository\org\glassfish\jersey\inject\jersey-hk2\3.1.5\jersey-hk2-3.1.5.jar;C:\Users\50114587\.m2\repository\org\glassfish\hk2\hk2-locator\3.0.5\hk2-locator-3.0.5.jar;C:\Users\50114587\.m2\repository\org\glassfish\hk2\external\aopalliance-repackaged\3.0.5\aopalliance-repackaged-3.0.5.jar;C:\Users\50114587\.m2\repository\org\glassfish\hk2\hk2-api\3.0.5\hk2-api-3.0.5.jar;C:\Users\50114587\.m2\repository\org\glassfish\hk2\hk2-utils\3.0.5\hk2-utils-3.0.5.jar;C:\Users\50114587\.m2\repository\org\glassfish\jersey\media\jersey-media-json-jackson\3.1.5\jersey-media-json-jackson-3.1.5.jar;C:\Users\50114587\.m2\repository\org\glassfish\jersey\ext\jersey-entity-filtering\3.1.5\jersey-entity-filtering-3.1.5.jar;C:\Users\50114587\.m2\repository\com\fasterxml\jackson\module\jackson-module-jakarta-xmlbind-annotations\2.15.3\jackson-module-jakarta-xmlbind-annotations-2.15.3.jar;C:\Users\50114587\.m2\repository\jakarta\xml\bind\jakarta.xml.bind-api\4.0.0\jakarta.xml.bind-api-4.0.0.jar;C:\Users\50114587\.m2\repository\org\glassfish\jersey\containers\jersey-container-servlet\3.1.5\jersey-container-servlet-3.1.5.jar;C:\Users\50114587\.m2\repository\org\glassfish\jersey\containers\jersey-container-servlet-core\3.1.5\jersey-container-servlet-core-3.1.5.jar;C:\Users\50114587\.m2\repository\org\apache\commons\commons-dbcp2\2.11.0\commons-dbcp2-2.11.0.jar;C:\Users\50114587\.m2\repository\org\apache\commons\commons-pool2\2.12.0\commons-pool2-2.12.0.jar;C:\Users\50114587\.m2\repository\jakarta\transaction\jakarta.transaction-api\1.3.3\jakarta.transaction-api-1.3.3.jar;C:\Users\50114587\.m2\repository\org\slf4j\jcl-over-slf4j\2.0.12\jcl-over-slf4j-2.0.12.jar;C:\Users\50114587\.m2\repository\org\postgresql\postgresql\42.7.2\postgresql-42.7.2.jar;C:\Users\50114587\.m2\repository\org\checkerframework\checker-qual\3.42.0\checker-qual-3.42.0.jar;C:\Users\50114587\.m2\repository\org\camunda\bpm\camunda-engine-spring\7.20.0\camunda-engine-spring-7.20.0.jar;C:\Users\50114587\.m2\repository\com\fasterxml\uuid\java-uuid-generator\4.3.0\java-uuid-generator-4.3.0.jar;C:\Users\50114587\.m2\repository\org\apache\logging\log4j\log4j-core\2.22.1\log4j-core-2.22.1.jar;C:\Users\50114587\.m2\repository\org\apache\logging\log4j\log4j-api\2.22.1\log4j-api-2.22.1.jar;C:\Users\50114587\.m2\repository\org\bouncycastle\bcmail-jdk18on\1.77\bcmail-jdk18on-1.77.jar;C:\Users\50114587\.m2\repository\org\bouncycastle\bcutil-jdk18on\1.77\bcutil-jdk18on-1.77.jar;C:\Users\50114587\.m2\repository\org\mockito\mockito-core\4.5.1\mockito-core-4.5.1.jar;C:\Users\50114587\.m2\repository\net\bytebuddy\byte-buddy\1.12.9\byte-buddy-1.12.9.jar;C:\Users\50114587\.m2\repository\net\bytebuddy\byte-buddy-agent\1.12.9\byte-buddy-agent-1.12.9.jar;C:\Users\50114587\.m2\repository\org\objenesis\objenesis\3.2\objenesis-3.2.jar;C:\Users\50114587\.m2\repository\org\slf4j\slf4j-simple\2.0.9\slf4j-simple-2.0.9.jar;C:\Users\50114587\.m2\repository\org\projectlombok\lombok\1.18.30\lombok-1.18.30.jar;C:\Users\50114587\.m2\repository\org\slf4j\slf4j-api\2.0.9\slf4j-api-2.0.9.jar;C:\Users\50114587\.m2\repository\junit\junit\4.13.2\junit-4.13.2.jar;C:\Users\50114587\.m2\repository\org\hamcrest\hamcrest-core\1.3\hamcrest-core-1.3.jar;"/>
    <property name="java.vm.vendor" value="Oracle Corporation"/>
    <property name="sun.arch.data.model" value="64"/>
    <property name="user.variant" value=""/>
    <property name="java.vendor.url" value="https://java.oracle.com/"/>
    <property name="user.timezone" value="Europe/Berlin"/>
    <property name="user.country.format" value="DE"/>
    <property name="os.name" value="Windows Server 2022"/>
    <property name="java.vm.specification.version" value="17"/>
    <property name="sun.java.launcher" value="SUN_STANDARD"/>
    <property name="user.country" value="US"/>
    <property name="sun.boot.library.path" value="C:\Program Files\Java\jdk-17\bin"/>
    <property name="sun.java.command" value="C:\Users\50114587\AppData\Local\Temp\2\surefire4444778102793285552\surefirebooter-20240312173836988_3.jar C:\Users\50114587\AppData\Local\Temp\2\surefire4444778102793285552 2024-03-12T17-38-36_843-jvmRun1 surefire-20240312173836988_1tmp surefire_0-20240312173836988_2tmp"/>
    <property name="jdk.debug" value="release"/>
    <property name="surefire.test.class.path" value="C:\Users\50114587\Desktop\DSF\dsf-process-tutorial\tutorial-process\target\test-classes;C:\Users\50114587\Desktop\DSF\dsf-process-tutorial\tutorial-process\target\classes;C:\Users\50114587\.m2\repository\dev\dsf\dsf-bpe-process-api-v1\1.5.0\dsf-bpe-process-api-v1-1.5.0.jar;C:\Users\50114587\.m2\repository\dev\dsf\dsf-fhir-auth\1.5.0\dsf-fhir-auth-1.5.0.jar;C:\Users\50114587\.m2\repository\ca\uhn\hapi\fhir\hapi-fhir-structures-r4\5.1.0\hapi-fhir-structures-r4-5.1.0.jar;C:\Users\50114587\.m2\repository\ca\uhn\hapi\fhir\hapi-fhir-base\5.1.0\hapi-fhir-base-5.1.0.jar;C:\Users\50114587\.m2\repository\org\apache\commons\commons-lang3\3.9\commons-lang3-3.9.jar;C:\Users\50114587\.m2\repository\org\apache\commons\commons-text\1.7\commons-text-1.7.jar;C:\Users\50114587\.m2\repository\com\google\guava\guava\29.0-jre\guava-29.0-jre.jar;C:\Users\50114587\.m2\repository\com\google\guava\failureaccess\1.0.1\failureaccess-1.0.1.jar;C:\Users\50114587\.m2\repository\com\google\guava\listenablefuture\9999.0-empty-to-avoid-conflict-with-guava\listenablefuture-9999.0-empty-to-avoid-conflict-with-guava.jar;C:\Users\50114587\.m2\repository\com\google\j2objc\j2objc-annotations\1.3\j2objc-annotations-1.3.jar;C:\Users\50114587\.m2\repository\ca\uhn\hapi\fhir\org.hl7.fhir.utilities\5.1.0\org.hl7.fhir.utilities-5.1.0.jar;C:\Users\50114587\.m2\repository\ca\uhn\hapi\fhir\org.hl7.fhir.r4\5.1.0\org.hl7.fhir.r4-5.1.0.jar;C:\Users\50114587\.m2\repository\dev\dsf\dsf-fhir-webservice-client\1.5.0\dsf-fhir-webservice-client-1.5.0.jar;C:\Users\50114587\.m2\repository\dev\dsf\dsf-fhir-rest-adapter\1.5.0\dsf-fhir-rest-adapter-1.5.0.jar;C:\Users\50114587\.m2\repository\org\glassfish\jersey\core\jersey-client\3.1.5\jersey-client-3.1.5.jar;C:\Users\50114587\.m2\repository\org\glassfish\jersey\media\jersey-media-jaxb\3.1.5\jersey-media-jaxb-3.1.5.jar;C:\Users\50114587\.m2\repository\org\glassfish\hk2\osgi-resource-locator\1.0.3\osgi-resource-locator-1.0.3.jar;C:\Users\50114587\.m2\repository\org\glassfish\jersey\connectors\jersey-apache-connector\3.1.5\jersey-apache-connector-3.1.5.jar;C:\Users\50114587\.m2\repository\org\apache\httpcomponents\httpclient\4.5.14\httpclient-4.5.14.jar;C:\Users\50114587\.m2\repository\org\apache\httpcomponents\httpcore\4.4.16\httpcore-4.4.16.jar;C:\Users\50114587\.m2\repository\org\camunda\bpm\camunda-engine\7.20.0\camunda-engine-7.20.0.jar;C:\Users\50114587\.m2\repository\org\camunda\bpm\model\camunda-cmmn-model\7.20.0\camunda-cmmn-model-7.20.0.jar;C:\Users\50114587\.m2\repository\org\camunda\bpm\juel\camunda-juel\7.20.0\camunda-juel-7.20.0.jar;C:\Users\50114587\.m2\repository\org\camunda\bpm\dmn\camunda-engine-dmn\7.20.0\camunda-engine-dmn-7.20.0.jar;C:\Users\50114587\.m2\repository\org\camunda\commons\camunda-commons-utils\1.13.0\camunda-commons-utils-1.13.0.jar;C:\Users\50114587\.m2\repository\org\camunda\bpm\model\camunda-dmn-model\7.20.0\camunda-dmn-model-7.20.0.jar;C:\Users\50114587\.m2\repository\org\camunda\bpm\dmn\camunda-engine-feel-api\7.20.0\camunda-engine-feel-api-7.20.0.jar;C:\Users\50114587\.m2\repository\org\camunda\bpm\dmn\camunda-engine-feel-juel\7.20.0\camunda-engine-feel-juel-7.20.0.jar;C:\Users\50114587\.m2\repository\org\camunda\bpm\dmn\camunda-engine-feel-scala\7.20.0\camunda-engine-feel-scala-7.20.0.jar;C:\Users\50114587\.m2\repository\org\camunda\feel\feel-engine\1.16.2\feel-engine-1.16.2-scala-shaded.jar;C:\Users\50114587\.m2\repository\org\camunda\commons\camunda-commons-logging\1.13.0\camunda-commons-logging-1.13.0.jar;C:\Users\50114587\.m2\repository\org\camunda\commons\camunda-commons-typed-values\7.20.0\camunda-commons-typed-values-7.20.0.jar;C:\Users\50114587\.m2\repository\org\mybatis\mybatis\3.5.6\mybatis-3.5.6.jar;C:\Users\50114587\.m2\repository\joda-time\joda-time\2.1\joda-time-2.1.jar;C:\Users\50114587\.m2\repository\org\camunda\connect\camunda-connect-core\1.6.0\camunda-connect-core-1.6.0.jar;C:\Users\50114587\.m2\repository\org\camunda\connect\camunda-connect-connectors-all\1.6.0\camunda-connect-connectors-all-1.6.0.jar;C:\Users\50114587\.m2\repository\org\springframework\spring-context\6.1.4\spring-context-6.1.4.jar;C:\Users\50114587\.m2\repository\org\springframework\spring-aop\6.1.4\spring-aop-6.1.4.jar;C:\Users\50114587\.m2\repository\org\springframework\spring-core\6.1.4\spring-core-6.1.4.jar;C:\Users\50114587\.m2\repository\org\springframework\spring-jcl\6.1.4\spring-jcl-6.1.4.jar;C:\Users\50114587\.m2\repository\org\springframework\spring-expression\6.1.4\spring-expression-6.1.4.jar;C:\Users\50114587\.m2\repository\io\micrometer\micrometer-observation\1.12.3\micrometer-observation-1.12.3.jar;C:\Users\50114587\.m2\repository\io\micrometer\micrometer-commons\1.12.3\micrometer-commons-1.12.3.jar;C:\Users\50114587\.m2\repository\com\fasterxml\jackson\core\jackson-databind\2.16.1\jackson-databind-2.16.1.jar;C:\Users\50114587\.m2\repository\com\fasterxml\jackson\core\jackson-annotations\2.16.1\jackson-annotations-2.16.1.jar;C:\Users\50114587\.m2\repository\com\fasterxml\jackson\core\jackson-core\2.16.1\jackson-core-2.16.1.jar;C:\Users\50114587\.m2\repository\com\sun\mail\jakarta.mail\1.6.7\jakarta.mail-1.6.7.jar;C:\Users\50114587\.m2\repository\com\sun\activation\jakarta.activation\1.2.1\jakarta.activation-1.2.1.jar;C:\Users\50114587\.m2\repository\de\hs-heilbronn\mi\crypto-utils\3.8.0\crypto-utils-3.8.0.jar;C:\Users\50114587\.m2\repository\org\bouncycastle\bcprov-jdk18on\1.76\bcprov-jdk18on-1.76.jar;C:\Users\50114587\.m2\repository\org\bouncycastle\bcpkix-jdk18on\1.76\bcpkix-jdk18on-1.76.jar;C:\Users\50114587\.m2\repository\commons-codec\commons-codec\1.16.0\commons-codec-1.16.0.jar;C:\Users\50114587\.m2\repository\dev\dsf\dsf-tools-documentation-generator\1.5.0\dsf-tools-documentation-generator-1.5.0.jar;C:\Users\50114587\.m2\repository\dev\dsf\dsf-common-documentation\1.5.0\dsf-common-documentation-1.5.0.jar;C:\Users\50114587\.m2\repository\org\camunda\bpm\model\camunda-bpmn-model\7.20.0\camunda-bpmn-model-7.20.0.jar;C:\Users\50114587\.m2\repository\org\camunda\bpm\model\camunda-xml-model\7.20.0\camunda-xml-model-7.20.0.jar;C:\Users\50114587\.m2\repository\org\springframework\spring-beans\6.1.4\spring-beans-6.1.4.jar;C:\Users\50114587\.m2\repository\org\reflections\reflections\0.10.2\reflections-0.10.2.jar;C:\Users\50114587\.m2\repository\org\javassist\javassist\3.28.0-GA\javassist-3.28.0-GA.jar;C:\Users\50114587\.m2\repository\com\google\code\findbugs\jsr305\3.0.2\jsr305-3.0.2.jar;C:\Users\50114587\.m2\repository\dev\dsf\dsf-bpe-process-api-v1\1.5.0\dsf-bpe-process-api-v1-1.5.0-tests.jar;C:\Users\50114587\.m2\repository\dev\dsf\dsf-bpe-server\1.5.0\dsf-bpe-server-1.5.0.jar;C:\Users\50114587\.m2\repository\dev\dsf\dsf-fhir-websocket-client\1.5.0\dsf-fhir-websocket-client-1.5.0.jar;C:\Users\50114587\.m2\repository\org\glassfish\jersey\core\jersey-common\3.1.5\jersey-common-3.1.5.jar;C:\Users\50114587\.m2\repository\org\glassfish\tyrus\tyrus-client\2.1.5\tyrus-client-2.1.5.jar;C:\Users\50114587\.m2\repository\org\glassfish\tyrus\tyrus-core\2.1.5\tyrus-core-2.1.5.jar;C:\Users\50114587\.m2\repository\org\glassfish\tyrus\tyrus-spi\2.1.5\tyrus-spi-2.1.5.jar;C:\Users\50114587\.m2\repository\jakarta\websocket\jakarta.websocket-client-api\2.1.1\jakarta.websocket-client-api-2.1.1.jar;C:\Users\50114587\.m2\repository\jakarta\websocket\jakarta.websocket-api\2.1.1\jakarta.websocket-api-2.1.1.jar;C:\Users\50114587\.m2\repository\org\glassfish\tyrus\tyrus-container-grizzly-client\2.1.5\tyrus-container-grizzly-client-2.1.5.jar;C:\Users\50114587\.m2\repository\org\glassfish\grizzly\grizzly-framework\4.0.2\grizzly-framework-4.0.2.jar;C:\Users\50114587\.m2\repository\org\glassfish\grizzly\grizzly-http-server\4.0.2\grizzly-http-server-4.0.2.jar;C:\Users\50114587\.m2\repository\org\glassfish\grizzly\grizzly-http\4.0.2\grizzly-http-4.0.2.jar;C:\Users\50114587\.m2\repository\dev\dsf\dsf-tools-build-info-reader\1.5.0\dsf-tools-build-info-reader-1.5.0.jar;C:\Users\50114587\.m2\repository\dev\dsf\dsf-tools-docker-secrets-reader\1.5.0\dsf-tools-docker-secrets-reader-1.5.0.jar;C:\Users\50114587\.m2\repository\dev\dsf\dsf-common-auth\1.5.0\dsf-common-auth-1.5.0.jar;C:\Users\50114587\.m2\repository\org\yaml\snakeyaml\2.2\snakeyaml-2.2.jar;C:\Users\50114587\.m2\repository\jakarta\annotation\jakarta.annotation-api\2.1.1\jakarta.annotation-api-2.1.1.jar;C:\Users\50114587\.m2\repository\dev\dsf\dsf-common-config\1.5.0\dsf-common-config-1.5.0.jar;C:\Users\50114587\.m2\repository\dev\dsf\dsf-common-db\1.5.0\dsf-common-db-1.5.0.jar;C:\Users\50114587\.m2\repository\dev\dsf\dsf-common-status\1.5.0\dsf-common-status-1.5.0.jar;C:\Users\50114587\.m2\repository\dev\dsf\dsf-common-ui\1.5.0\dsf-common-ui-1.5.0.jar;C:\Users\50114587\.m2\repository\dev\dsf\dsf-fhir-validation\1.5.0\dsf-fhir-validation-1.5.0.jar;C:\Users\50114587\.m2\repository\ca\uhn\hapi\fhir\hapi-fhir-structures-r5\5.1.0\hapi-fhir-structures-r5-5.1.0.jar;C:\Users\50114587\.m2\repository\ca\uhn\hapi\fhir\org.hl7.fhir.r5\5.1.0\org.hl7.fhir.r5-5.1.0.jar;C:\Users\50114587\.m2\repository\ca\uhn\hapi\fhir\hapi-fhir-validation\5.1.0\hapi-fhir-validation-5.1.0.jar;C:\Users\50114587\.m2\repository\ca\uhn\hapi\fhir\hapi-fhir-converter\5.1.0\hapi-fhir-converter-5.1.0.jar;C:\Users\50114587\.m2\repository\ca\uhn\hapi\fhir\org.hl7.fhir.convertors\5.1.0\org.hl7.fhir.convertors-5.1.0.jar;C:\Users\50114587\.m2\repository\net\sf\saxon\Saxon-HE\9.5.1-5\Saxon-HE-9.5.1-5.jar;C:\Users\50114587\.m2\repository\ca\uhn\hapi\fhir\org.hl7.fhir.validation\5.1.0\org.hl7.fhir.validation-5.1.0.jar;C:\Users\50114587\.m2\repository\ca\uhn\hapi\fhir\org.hl7.fhir.dstu2\5.1.0\org.hl7.fhir.dstu2-5.1.0.jar;C:\Users\50114587\.m2\repository\ca\uhn\hapi\fhir\org.hl7.fhir.dstu2016may\5.1.0\org.hl7.fhir.dstu2016may-5.1.0.jar;C:\Users\50114587\.m2\repository\ca\uhn\hapi\fhir\org.hl7.fhir.dstu3\5.1.0\org.hl7.fhir.dstu3-5.1.0.jar;C:\Users\50114587\.m2\repository\xpp3\xpp3\1.1.4c\xpp3-1.1.4c.jar;C:\Users\50114587\.m2\repository\xpp3\xpp3_xpath\1.1.4c\xpp3_xpath-1.1.4c.jar;C:\Users\50114587\.m2\repository\org\apache\commons\commons-compress\1.20\commons-compress-1.20.jar;C:\Users\50114587\.m2\repository\org\fhir\ucum\1.0.2\ucum-1.0.2.jar;C:\Users\50114587\.m2\repository\org\thymeleaf\thymeleaf\3.0.9.RELEASE\thymeleaf-3.0.9.RELEASE.jar;C:\Users\50114587\.m2\repository\ognl\ognl\3.1.12\ognl-3.1.12.jar;C:\Users\50114587\.m2\repository\org\attoparser\attoparser\2.0.4.RELEASE\attoparser-2.0.4.RELEASE.jar;C:\Users\50114587\.m2\repository\org\unbescape\unbescape\1.1.5.RELEASE\unbescape-1.1.5.RELEASE.jar;C:\Users\50114587\.m2\repository\com\github\ben-manes\caffeine\caffeine\2.7.0\caffeine-2.7.0.jar;C:\Users\50114587\.m2\repository\com\google\errorprone\error_prone_annotations\2.3.3\error_prone_annotations-2.3.3.jar;C:\Users\50114587\.m2\repository\com\google\code\gson\gson\2.8.5\gson-2.8.5.jar;C:\Users\50114587\.m2\repository\ca\uhn\hapi\fhir\hapi-fhir-validation-resources-r4\5.1.0\hapi-fhir-validation-resources-r4-5.1.0.jar;C:\Users\50114587\.m2\repository\ca\uhn\hapi\fhir\hapi-fhir-validation-resources-r5\5.1.0\hapi-fhir-validation-resources-r5-5.1.0.jar;C:\Users\50114587\.m2\repository\commons-io\commons-io\2.15.1\commons-io-2.15.1.jar;C:\Users\50114587\.m2\repository\jakarta\servlet\jakarta.servlet-api\6.0.0\jakarta.servlet-api-6.0.0.jar;C:\Users\50114587\.m2\repository\jakarta\ws\rs\jakarta.ws.rs-api\3.1.0\jakarta.ws.rs-api-3.1.0.jar;C:\Users\50114587\.m2\repository\org\glassfish\jaxb\jaxb-runtime\4.0.4\jaxb-runtime-4.0.4.jar;C:\Users\50114587\.m2\repository\org\glassfish\jaxb\jaxb-core\4.0.4\jaxb-core-4.0.4.jar;C:\Users\50114587\.m2\repository\jakarta\activation\jakarta.activation-api\2.1.2\jakarta.activation-api-2.1.2.jar;C:\Users\50114587\.m2\repository\org\eclipse\angus\angus-activation\2.0.1\angus-activation-2.0.1.jar;C:\Users\50114587\.m2\repository\org\glassfish\jaxb\txw2\4.0.4\txw2-4.0.4.jar;C:\Users\50114587\.m2\repository\com\sun\istack\istack-commons-runtime\4.1.2\istack-commons-runtime-4.1.2.jar;C:\Users\50114587\.m2\repository\org\springframework\spring-tx\6.1.4\spring-tx-6.1.4.jar;C:\Users\50114587\.m2\repository\org\springframework\spring-jdbc\6.1.4\spring-jdbc-6.1.4.jar;C:\Users\50114587\.m2\repository\org\springframework\spring-web\6.1.4\spring-web-6.1.4.jar;C:\Users\50114587\.m2\repository\org\glassfish\jersey\core\jersey-server\3.1.5\jersey-server-3.1.5.jar;C:\Users\50114587\.m2\repository\jakarta\inject\jakarta.inject-api\2.0.1\jakarta.inject-api-2.0.1.jar;C:\Users\50114587\.m2\repository\jakarta\validation\jakarta.validation-api\3.0.2\jakarta.validation-api-3.0.2.jar;C:\Users\50114587\.m2\repository\org\glassfish\jersey\inject\jersey-hk2\3.1.5\jersey-hk2-3.1.5.jar;C:\Users\50114587\.m2\repository\org\glassfish\hk2\hk2-locator\3.0.5\hk2-locator-3.0.5.jar;C:\Users\50114587\.m2\repository\org\glassfish\hk2\external\aopalliance-repackaged\3.0.5\aopalliance-repackaged-3.0.5.jar;C:\Users\50114587\.m2\repository\org\glassfish\hk2\hk2-api\3.0.5\hk2-api-3.0.5.jar;C:\Users\50114587\.m2\repository\org\glassfish\hk2\hk2-utils\3.0.5\hk2-utils-3.0.5.jar;C:\Users\50114587\.m2\repository\org\glassfish\jersey\media\jersey-media-json-jackson\3.1.5\jersey-media-json-jackson-3.1.5.jar;C:\Users\50114587\.m2\repository\org\glassfish\jersey\ext\jersey-entity-filtering\3.1.5\jersey-entity-filtering-3.1.5.jar;C:\Users\50114587\.m2\repository\com\fasterxml\jackson\module\jackson-module-jakarta-xmlbind-annotations\2.15.3\jackson-module-jakarta-xmlbind-annotations-2.15.3.jar;C:\Users\50114587\.m2\repository\jakarta\xml\bind\jakarta.xml.bind-api\4.0.0\jakarta.xml.bind-api-4.0.0.jar;C:\Users\50114587\.m2\repository\org\glassfish\jersey\containers\jersey-container-servlet\3.1.5\jersey-container-servlet-3.1.5.jar;C:\Users\50114587\.m2\repository\org\glassfish\jersey\containers\jersey-container-servlet-core\3.1.5\jersey-container-servlet-core-3.1.5.jar;C:\Users\50114587\.m2\repository\org\apache\commons\commons-dbcp2\2.11.0\commons-dbcp2-2.11.0.jar;C:\Users\50114587\.m2\repository\org\apache\commons\commons-pool2\2.12.0\commons-pool2-2.12.0.jar;C:\Users\50114587\.m2\repository\jakarta\transaction\jakarta.transaction-api\1.3.3\jakarta.transaction-api-1.3.3.jar;C:\Users\50114587\.m2\repository\org\slf4j\jcl-over-slf4j\2.0.12\jcl-over-slf4j-2.0.12.jar;C:\Users\50114587\.m2\repository\org\postgresql\postgresql\42.7.2\postgresql-42.7.2.jar;C:\Users\50114587\.m2\repository\org\checkerframework\checker-qual\3.42.0\checker-qual-3.42.0.jar;C:\Users\50114587\.m2\repository\org\camunda\bpm\camunda-engine-spring\7.20.0\camunda-engine-spring-7.20.0.jar;C:\Users\50114587\.m2\repository\com\fasterxml\uuid\java-uuid-generator\4.3.0\java-uuid-generator-4.3.0.jar;C:\Users\50114587\.m2\repository\org\apache\logging\log4j\log4j-core\2.22.1\log4j-core-2.22.1.jar;C:\Users\50114587\.m2\repository\org\apache\logging\log4j\log4j-api\2.22.1\log4j-api-2.22.1.jar;C:\Users\50114587\.m2\repository\org\bouncycastle\bcmail-jdk18on\1.77\bcmail-jdk18on-1.77.jar;C:\Users\50114587\.m2\repository\org\bouncycastle\bcutil-jdk18on\1.77\bcutil-jdk18on-1.77.jar;C:\Users\50114587\.m2\repository\org\mockito\mockito-core\4.5.1\mockito-core-4.5.1.jar;C:\Users\50114587\.m2\repository\net\bytebuddy\byte-buddy\1.12.9\byte-buddy-1.12.9.jar;C:\Users\50114587\.m2\repository\net\bytebuddy\byte-buddy-agent\1.12.9\byte-buddy-agent-1.12.9.jar;C:\Users\50114587\.m2\repository\org\objenesis\objenesis\3.2\objenesis-3.2.jar;C:\Users\50114587\.m2\repository\org\slf4j\slf4j-simple\2.0.9\slf4j-simple-2.0.9.jar;C:\Users\50114587\.m2\repository\org\projectlombok\lombok\1.18.30\lombok-1.18.30.jar;C:\Users\50114587\.m2\repository\org\slf4j\slf4j-api\2.0.9\slf4j-api-2.0.9.jar;C:\Users\50114587\.m2\repository\junit\junit\4.13.2\junit-4.13.2.jar;C:\Users\50114587\.m2\repository\org\hamcrest\hamcrest-core\1.3\hamcrest-core-1.3.jar;"/>
    <property name="sun.cpu.endian" value="little"/>
    <property name="user.home" value="C:\Users\50114587"/>
    <property name="user.language" value="en"/>
    <property name="java.specification.vendor" value="Oracle Corporation"/>
    <property name="java.version.date" value="2024-01-16"/>
    <property name="java.home" value="C:\Program Files\Java\jdk-17"/>
    <property name="file.separator" value="\"/>
    <property name="basedir" value="C:\Users\50114587\Desktop\DSF\dsf-process-tutorial\tutorial-process"/>
    <property name="java.vm.compressedOopsMode" value="Zero based"/>
    <property name="line.separator" value="&#10;"/>
    <property name="java.vm.specification.vendor" value="Oracle Corporation"/>
    <property name="java.specification.name" value="Java Platform API Specification"/>
    <property name="surefire.real.class.path" value="C:\Users\50114587\AppData\Local\Temp\2\surefire4444778102793285552\surefirebooter-20240312173836988_3.jar"/>
    <property name="user.script" value=""/>
    <property name="sun.management.compiler" value="HotSpot 64-Bit Tiered Compilers"/>
    <property name="java.runtime.version" value="17.0.10+11-LTS-240"/>
    <property name="user.name" value="50114587"/>
    <property name="path.separator" value=";"/>
    <property name="os.version" value="10.0"/>
    <property name="java.runtime.name" value="Java(TM) SE Runtime Environment"/>
    <property name="file.encoding" value="Cp1252"/>
    <property name="java.vm.name" value="Java HotSpot(TM) 64-Bit Server VM"/>
    <property name="localRepository" value="C:\Users\50114587\.m2\repository"/>
    <property name="java.vendor.url.bug" value="https://bugreport.java.com/bugreport/"/>
    <property name="java.io.tmpdir" value="C:\Users\50114587\AppData\Local\Temp\2\"/>
    <property name="java.version" value="17.0.10"/>
    <property name="user.dir" value="C:\Users\50114587\Desktop\DSF\dsf-process-tutorial\tutorial-process"/>
    <property name="os.arch" value="amd64"/>
    <property name="java.vm.specification.name" value="Java Virtual Machine Specification"/>
    <property name="user.language.format" value="de"/>
    <property name="sun.os.patch.level" value=""/>
    <property name="native.encoding" value="Cp1252"/>
    <property name="java.library.path" value="C:\Program Files\Java\jdk-17\bin;C:\Windows\Sun\Java\bin;C:\Windows\system32;C:\Windows;C:\Users\50114587\bin;C:\Program Files\Git\mingw64\bin;C:\Program Files\Git\usr\local\bin;C:\Program Files\Git\usr\bin;C:\Program Files\Git\usr\bin;C:\Program Files\Git\mingw64\bin;C:\Program Files\Git\usr\bin;C:\Users\50114587\bin;C:\Program Files\Common Files\Oracle\Java\javapath;C:\Windows\system32;C:\Windows;C:\Windows\System32\Wbem;C:\Windows\System32\WindowsPowerShell\v1.0;C:\Windows\System32\OpenSSH;C:\Program Files\Docker\Docker\resources\bin;C:\Program Files\Git\cmd;C:\Program Files\apache-maven-3.9.6-bin\apache-maven-3.9.6\bin;C:\Users\50114587\AppData\Local\Microsoft\WindowsApps;C:\Program Files\Git\usr\bin\vendor_perl;C:\Program Files\Git\usr\bin\core_perl;."/>
    <property name="java.vm.info" value="mixed mode, sharing"/>
    <property name="java.vendor" value="Oracle Corporation"/>
    <property name="java.vm.version" value="17.0.10+11-LTS-240"/>
    <property name="sun.io.unicode.encoding" value="UnicodeLittle"/>
    <property name="java.class.version" value="61.0"/>
  </properties>
  <testcase name="testDicTaskServiceBeanDefined" classname="dev.dsf.process.tutorial.exercise_1.spring.config.TutorialConfigTest" time="0.001"/>
</testsuite>